Build started 23/10/2016 06:20:05 ص.
     1>Project "C:\Users\Ahmed\Documents\Visual Studio 2010\Projects\BinaryTree_AYA_Linked\BinaryTree_AYA_Linked\BinaryTree_AYA_Linked.vcxproj" on node 2 (build target(s)).
     1>InitializeBuildStatus:
         Touching "Debug\BinaryTree_AYA_Linked.unsuccessfulbuild".
       ClCompile:
         All outputs are up-to-date.
         c:\Program Files (x86)\Microsoft Visual Studio 10.0\VC\bin\CL.exe /c /ZI /nologo /W3 /WX- /Od /Oy- /D WIN32 /D _DEBUG /D _CONSOLE /D _UNICODE /D UNICODE /Gm /EHsc /RTC1 /MDd /GS /fp:precise /Zc:wchar_t /Zc:forScope /Yu"StdAfx.h" /Fp"Debug\BinaryTree_AYA_Linked.pch" /Fo"Debug\\" /Fd"Debug\vc100.pdb" /Gd /TP /analyze- /errorReport:prompt Binary.cpp BinaryTree_AYA_Linked.cpp
         Binary.cpp
         Generating Code...
         Compiling...
         BinaryTree_AYA_Linked.cpp
         Generating Code...
       ManifestResourceCompile:
         All outputs are up-to-date.
       Link:
         c:\Program Files (x86)\Microsoft Visual Studio 10.0\VC\bin\link.exe /ERRORREPORT:PROMPT /OUT:"C:\Users\Ahmed\Documents\Visual Studio 2010\Projects\BinaryTree_AYA_Linked\Debug\BinaryTree_AYA_Linked.exe" /INCREMENTAL /NOLOGO kernel32.lib user32.lib gdi32.lib winspool.lib comdlg32.lib advapi32.lib shell32.lib ole32.lib oleaut32.lib uuid.lib odbc32.lib odbccp32.lib /MANIFEST /ManifestFile:"Debug\BinaryTree_AYA_Linked.exe.intermediate.manifest" /MANIFESTUAC:"level='asInvoker' uiAccess='false'" /DEBUG /PDB:"C:\Users\Ahmed\Documents\Visual Studio 2010\Projects\BinaryTree_AYA_Linked\Debug\BinaryTree_AYA_Linked.pdb" /SUBSYSTEM:CONSOLE /TLBID:1 /DYNAMICBASE /NXCOMPAT /IMPLIB:"C:\Users\Ahmed\Documents\Visual Studio 2010\Projects\BinaryTree_AYA_Linked\Debug\BinaryTree_AYA_Linked.lib" /MACHINE:X86 Debug\BinaryTree_AYA_Linked.exe.embed.manifest.res
         Debug\Binary.obj
         Debug\BinaryTree_AYA_Linked.obj
         Debug\stdafx.obj
       Manifest:
         c:\Program Files (x86)\Microsoft SDKs\Windows\v7.0A\bin\mt.exe /nologo /verbose /out:"Debug\BinaryTree_AYA_Linked.exe.embed.manifest" /manifest Debug\BinaryTree_AYA_Linked.exe.intermediate.manifest
         c:\Program Files (x86)\Microsoft SDKs\Windows\v7.0A\bin\rc.exe /nologo /fo"Debug\BinaryTree_AYA_Linked.exe.embed.manifest.res" Debug\BinaryTree_AYA_Linked_manifest.rc 
       LinkEmbedManifest:
         c:\Program Files (x86)\Microsoft Visual Studio 10.0\VC\bin\link.exe /ERRORREPORT:PROMPT /OUT:"C:\Users\Ahmed\Documents\Visual Studio 2010\Projects\BinaryTree_AYA_Linked\Debug\BinaryTree_AYA_Linked.exe" /INCREMENTAL /NOLOGO kernel32.lib user32.lib gdi32.lib winspool.lib comdlg32.lib advapi32.lib shell32.lib ole32.lib oleaut32.lib uuid.lib odbc32.lib odbccp32.lib /MANIFEST /ManifestFile:"Debug\BinaryTree_AYA_Linked.exe.intermediate.manifest" /MANIFESTUAC:"level='asInvoker' uiAccess='false'" /DEBUG /PDB:"C:\Users\Ahmed\Documents\Visual Studio 2010\Projects\BinaryTree_AYA_Linked\Debug\BinaryTree_AYA_Linked.pdb" /SUBSYSTEM:CONSOLE /TLBID:1 /DYNAMICBASE /NXCOMPAT /IMPLIB:"C:\Users\Ahmed\Documents\Visual Studio 2010\Projects\BinaryTree_AYA_Linked\Debug\BinaryTree_AYA_Linked.lib" /MACHINE:X86 Debug\BinaryTree_AYA_Linked.exe.embed.manifest.res
         Debug\Binary.obj
         Debug\BinaryTree_AYA_Linked.obj
         Debug\stdafx.obj
         BinaryTree_AYA_Linked.vcxproj -> C:\Users\Ahmed\Documents\Visual Studio 2010\Projects\BinaryTree_AYA_Linked\Debug\BinaryTree_AYA_Linked.exe
       FinalizeBuildStatus:
         Deleting file "Debug\BinaryTree_AYA_Linked.unsuccessfulbuild".
         Touching "Debug\BinaryTree_AYA_Linked.lastbuildstate".
     1>Done Building Project "C:\Users\Ahmed\Documents\Visual Studio 2010\Projects\BinaryTree_AYA_Linked\BinaryTree_AYA_Linked\BinaryTree_AYA_Linked.vcxproj" (build target(s)).

Build succeeded.

Time Elapsed 00:00:07.53
