Build started 28/10/2016 09:44:17 م.
     1>Project "C:\Users\Ahmed\Documents\Visual Studio 2010\Projects\LinkedList_AYA\LinkedList_AYA\LinkedList_AYA.vcxproj" on node 2 (build target(s)).
     1>InitializeBuildStatus:
         Creating "Debug\LinkedList_AYA.unsuccessfulbuild" because "AlwaysCreate" was specified.
       ClCompile:
         All outputs are up-to-date.
         c:\Program Files (x86)\Microsoft Visual Studio 10.0\VC\bin\CL.exe /c /ZI /nologo /W3 /WX- /Od /Oy- /D WIN32 /D _DEBUG /D _CONSOLE /D _UNICODE /D UNICODE /Gm /EHsc /RTC1 /MDd /GS /fp:precise /Zc:wchar_t /Zc:forScope /Yu"StdAfx.h" /Fp"Debug\LinkedList_AYA.pch" /Fo"Debug\\" /Fd"Debug\vc100.pdb" /Gd /TP /analyze- /errorReport:prompt List.cpp
         List.cpp
       ManifestResourceCompile:
         All outputs are up-to-date.
       Link:
         c:\Program Files (x86)\Microsoft Visual Studio 10.0\VC\bin\link.exe /ERRORREPORT:PROMPT /OUT:"C:\Users\Ahmed\Documents\Visual Studio 2010\Projects\LinkedList_AYA\Debug\LinkedList_AYA.exe" /INCREMENTAL /NOLOGO kernel32.lib user32.lib gdi32.lib winspool.lib comdlg32.lib advapi32.lib shell32.lib ole32.lib oleaut32.lib uuid.lib odbc32.lib odbccp32.lib /MANIFEST /ManifestFile:"Debug\LinkedList_AYA.exe.intermediate.manifest" /MANIFESTUAC:"level='asInvoker' uiAccess='false'" /DEBUG /PDB:"C:\Users\Ahmed\Documents\Visual Studio 2010\Projects\LinkedList_AYA\Debug\LinkedList_AYA.pdb" /SUBSYSTEM:CONSOLE /TLBID:1 /DYNAMICBASE /NXCOMPAT /IMPLIB:"C:\Users\Ahmed\Documents\Visual Studio 2010\Projects\LinkedList_AYA\Debug\LinkedList_AYA.lib" /MACHINE:X86 Debug\LinkedList_AYA.exe.embed.manifest.res
         Debug\LinkedList_AYA.obj
         Debug\List.obj
         Debug\stdafx.obj
       Manifest:
         c:\Program Files (x86)\Microsoft SDKs\Windows\v7.0A\bin\mt.exe /nologo /verbose /out:"Debug\LinkedList_AYA.exe.embed.manifest" /manifest Debug\LinkedList_AYA.exe.intermediate.manifest
         All outputs are up-to-date.
       LinkEmbedManifest:
         All outputs are up-to-date.
         LinkedList_AYA.vcxproj -> C:\Users\Ahmed\Documents\Visual Studio 2010\Projects\LinkedList_AYA\Debug\LinkedList_AYA.exe
       FinalizeBuildStatus:
         Deleting file "Debug\LinkedList_AYA.unsuccessfulbuild".
         Touching "Debug\LinkedList_AYA.lastbuildstate".
     1>Done Building Project "C:\Users\Ahmed\Documents\Visual Studio 2010\Projects\LinkedList_AYA\LinkedList_AYA\LinkedList_AYA.vcxproj" (build target(s)).

Build succeeded.

Time Elapsed 00:00:00.66
