Build started 08/11/2016 12:47:46 م.
     1>Project "C:\Users\Ahmed\Documents\Visual Studio 2010\Projects\Stack_AYA_Linked\Stack_AYA_Linked\Stack_AYA_Linked.vcxproj" on node 2 (build target(s)).
     1>InitializeBuildStatus:
         Creating "Debug\Stack_AYA_Linked.unsuccessfulbuild" because "AlwaysCreate" was specified.
       ClCompile:
         All outputs are up-to-date.
         c:\Program Files (x86)\Microsoft Visual Studio 10.0\VC\bin\CL.exe /c /ZI /nologo /W3 /WX- /Od /Oy- /D WIN32 /D _DEBUG /D _CONSOLE /D _UNICODE /D UNICODE /Gm /EHsc /RTC1 /MDd /GS /fp:precise /Zc:wchar_t /Zc:forScope /Yu"StdAfx.h" /Fp"Debug\Stack_AYA_Linked.pch" /Fo"Debug\\" /Fd"Debug\vc100.pdb" /Gd /TP /analyze- /errorReport:prompt Stack.cpp Stack_AYA_Linked.cpp
         Stack_AYA_Linked.cpp
         Stack.cpp
         Generating Code...
       ManifestResourceCompile:
         All outputs are up-to-date.
       Link:
         c:\Program Files (x86)\Microsoft Visual Studio 10.0\VC\bin\link.exe /ERRORREPORT:PROMPT /OUT:"C:\Users\Ahmed\Documents\Visual Studio 2010\Projects\Stack_AYA_Linked\Debug\Stack_AYA_Linked.exe" /INCREMENTAL /NOLOGO kernel32.lib user32.lib gdi32.lib winspool.lib comdlg32.lib advapi32.lib shell32.lib ole32.lib oleaut32.lib uuid.lib odbc32.lib odbccp32.lib /MANIFEST /ManifestFile:"Debug\Stack_AYA_Linked.exe.intermediate.manifest" /MANIFESTUAC:"level='asInvoker' uiAccess='false'" /DEBUG /PDB:"C:\Users\Ahmed\Documents\Visual Studio 2010\Projects\Stack_AYA_Linked\Debug\Stack_AYA_Linked.pdb" /SUBSYSTEM:CONSOLE /TLBID:1 /DYNAMICBASE /NXCOMPAT /IMPLIB:"C:\Users\Ahmed\Documents\Visual Studio 2010\Projects\Stack_AYA_Linked\Debug\Stack_AYA_Linked.lib" /MACHINE:X86 Debug\Stack_AYA_Linked.exe.embed.manifest.res
         Debug\Stack.obj
         Debug\Stack_AYA_Linked.obj
         Debug\stdafx.obj
       Manifest:
         c:\Program Files (x86)\Microsoft SDKs\Windows\v7.0A\bin\mt.exe /nologo /verbose /out:"Debug\Stack_AYA_Linked.exe.embed.manifest" /manifest Debug\Stack_AYA_Linked.exe.intermediate.manifest
         All outputs are up-to-date.
       LinkEmbedManifest:
         All outputs are up-to-date.
         Stack_AYA_Linked.vcxproj -> C:\Users\Ahmed\Documents\Visual Studio 2010\Projects\Stack_AYA_Linked\Debug\Stack_AYA_Linked.exe
       FinalizeBuildStatus:
         Deleting file "Debug\Stack_AYA_Linked.unsuccessfulbuild".
         Touching "Debug\Stack_AYA_Linked.lastbuildstate".
     1>Done Building Project "C:\Users\Ahmed\Documents\Visual Studio 2010\Projects\Stack_AYA_Linked\Stack_AYA_Linked\Stack_AYA_Linked.vcxproj" (build target(s)).

Build succeeded.

Time Elapsed 00:00:01.85
