Build started 14/11/2016 10:10:26 ص.
     1>Project "C:\Users\Ahmed\Desktop\Instractor\Data Structure 2016\Mine Ref DS 2016\Ref C++ & Pointers & DS_Code\Codes (Eng.Somaia)\5-Tree-SO\Tree-SO\Tree-SO.vcxproj" on node 2 (build target(s)).
     1>InitializeBuildStatus:
         Creating "Debug\Tree-SO.unsuccessfulbuild" because "AlwaysCreate" was specified.
       ClCompile:
         c:\Program Files (x86)\Microsoft Visual Studio 10.0\VC\bin\CL.exe /c /ZI /nologo /W3 /WX- /Od /Oy- /D WIN32 /D _DEBUG /D _CONSOLE /D _UNICODE /D UNICODE /Gm /EHsc /RTC1 /MDd /GS /fp:precise /Zc:wchar_t /Zc:forScope /Yc"StdAfx.h" /Fp"Debug\Tree-SO.pch" /Fo"Debug\\" /Fd"Debug\vc100.pdb" /Gd /TP /analyze- /errorReport:prompt stdafx.cpp
         stdafx.cpp
         c:\Program Files (x86)\Microsoft Visual Studio 10.0\VC\bin\CL.exe /c /ZI /nologo /W3 /WX- /Od /Oy- /D WIN32 /D _DEBUG /D _CONSOLE /D _UNICODE /D UNICODE /Gm /EHsc /RTC1 /MDd /GS /fp:precise /Zc:wchar_t /Zc:forScope /Yu"StdAfx.h" /Fp"Debug\Tree-SO.pch" /Fo"Debug\\" /Fd"Debug\vc100.pdb" /Gd /TP /analyze- /errorReport:prompt "Tree-SO.cpp"
         Tree-SO.cpp
       ManifestResourceCompile:
         c:\Program Files (x86)\Microsoft SDKs\Windows\v7.0A\bin\rc.exe /nologo /fo"Debug\Tree-SO.exe.embed.manifest.res" Debug\Tree-SO_manifest.rc 
       Link:
         c:\Program Files (x86)\Microsoft Visual Studio 10.0\VC\bin\link.exe /ERRORREPORT:PROMPT /OUT:"C:\Users\Ahmed\Desktop\Instractor\Data Structure 2016\Mine Ref DS 2016\Ref C++ & Pointers & DS_Code\Codes (Eng.Somaia)\5-Tree-SO\Debug\Tree-SO.exe" /INCREMENTAL /NOLOGO kernel32.lib user32.lib gdi32.lib winspool.lib comdlg32.lib advapi32.lib shell32.lib ole32.lib oleaut32.lib uuid.lib odbc32.lib odbccp32.lib /MANIFEST /ManifestFile:"Debug\Tree-SO.exe.intermediate.manifest" /MANIFESTUAC:"level='asInvoker' uiAccess='false'" /DEBUG /PDB:"C:\Users\Ahmed\Desktop\Instractor\Data Structure 2016\Mine Ref DS 2016\Ref C++ & Pointers & DS_Code\Codes (Eng.Somaia)\5-Tree-SO\Debug\Tree-SO.pdb" /SUBSYSTEM:CONSOLE /TLBID:1 /DYNAMICBASE /NXCOMPAT /IMPLIB:"C:\Users\Ahmed\Desktop\Instractor\Data Structure 2016\Mine Ref DS 2016\Ref C++ & Pointers & DS_Code\Codes (Eng.Somaia)\5-Tree-SO\Debug\Tree-SO.lib" /MACHINE:X86 "Debug\Tree-SO.exe.embed.manifest.res"
         Debug\stdafx.obj
         "Debug\Tree-SO.obj"
       Manifest:
         Deleting file "Debug\Tree-SO.exe.embed.manifest".
         c:\Program Files (x86)\Microsoft SDKs\Windows\v7.0A\bin\mt.exe /nologo /verbose /out:"Debug\Tree-SO.exe.embed.manifest" /manifest "Debug\Tree-SO.exe.intermediate.manifest"
         c:\Program Files (x86)\Microsoft SDKs\Windows\v7.0A\bin\rc.exe /nologo /fo"Debug\Tree-SO.exe.embed.manifest.res" Debug\Tree-SO_manifest.rc 
       LinkEmbedManifest:
         c:\Program Files (x86)\Microsoft Visual Studio 10.0\VC\bin\link.exe /ERRORREPORT:PROMPT /OUT:"C:\Users\Ahmed\Desktop\Instractor\Data Structure 2016\Mine Ref DS 2016\Ref C++ & Pointers & DS_Code\Codes (Eng.Somaia)\5-Tree-SO\Debug\Tree-SO.exe" /INCREMENTAL /NOLOGO kernel32.lib user32.lib gdi32.lib winspool.lib comdlg32.lib advapi32.lib shell32.lib ole32.lib oleaut32.lib uuid.lib odbc32.lib odbccp32.lib /MANIFEST /ManifestFile:"Debug\Tree-SO.exe.intermediate.manifest" /MANIFESTUAC:"level='asInvoker' uiAccess='false'" /DEBUG /PDB:"C:\Users\Ahmed\Desktop\Instractor\Data Structure 2016\Mine Ref DS 2016\Ref C++ & Pointers & DS_Code\Codes (Eng.Somaia)\5-Tree-SO\Debug\Tree-SO.pdb" /SUBSYSTEM:CONSOLE /TLBID:1 /DYNAMICBASE /NXCOMPAT /IMPLIB:"C:\Users\Ahmed\Desktop\Instractor\Data Structure 2016\Mine Ref DS 2016\Ref C++ & Pointers & DS_Code\Codes (Eng.Somaia)\5-Tree-SO\Debug\Tree-SO.lib" /MACHINE:X86 "Debug\Tree-SO.exe.embed.manifest.res"
         Debug\stdafx.obj
         "Debug\Tree-SO.obj"
         Tree-SO.vcxproj -> C:\Users\Ahmed\Desktop\Instractor\Data Structure 2016\Mine Ref DS 2016\Ref C++ & Pointers & DS_Code\Codes (Eng.Somaia)\5-Tree-SO\Debug\Tree-SO.exe
       FinalizeBuildStatus:
         Deleting file "Debug\Tree-SO.unsuccessfulbuild".
         Touching "Debug\Tree-SO.lastbuildstate".
     1>Done Building Project "C:\Users\Ahmed\Desktop\Instractor\Data Structure 2016\Mine Ref DS 2016\Ref C++ & Pointers & DS_Code\Codes (Eng.Somaia)\5-Tree-SO\Tree-SO\Tree-SO.vcxproj" (build target(s)).

Build succeeded.

Time Elapsed 00:00:05.17
