Build started 13/10/2016 09:23:08 ص.
     1>Project "C:\Users\Ahmed\Documents\Visual Studio 2010\Projects\LinkedList_AYA_Enhanced\LinkedList_AYA_Enhanced\LinkedList_AYA_Enhanced.vcxproj" on node 2 (build target(s)).
     1>PrepareForBuild:
         Creating directory "C:\Users\Ahmed\Documents\Visual Studio 2010\Projects\LinkedList_AYA_Enhanced\Debug\".
       InitializeBuildStatus:
         Creating "Debug\LinkedList_AYA_Enhanced.unsuccessfulbuild" because "AlwaysCreate" was specified.
       ClCompile:
         c:\Program Files (x86)\Microsoft Visual Studio 10.0\VC\bin\CL.exe /c /ZI /nologo /W3 /WX- /Od /Oy- /D WIN32 /D _DEBUG /D _CONSOLE /D _UNICODE /D UNICODE /Gm /EHsc /RTC1 /MDd /GS /fp:precise /Zc:wchar_t /Zc:forScope /Yc"StdAfx.h" /Fp"Debug\LinkedList_AYA_Enhanced.pch" /Fo"Debug\\" /Fd"Debug\vc100.pdb" /Gd /TP /analyze- /errorReport:prompt stdafx.cpp
         stdafx.cpp
         c:\Program Files (x86)\Microsoft Visual Studio 10.0\VC\bin\CL.exe /c /ZI /nologo /W3 /WX- /Od /Oy- /D WIN32 /D _DEBUG /D _CONSOLE /D _UNICODE /D UNICODE /Gm /EHsc /RTC1 /MDd /GS /fp:precise /Zc:wchar_t /Zc:forScope /Yu"StdAfx.h" /Fp"Debug\LinkedList_AYA_Enhanced.pch" /Fo"Debug\\" /Fd"Debug\vc100.pdb" /Gd /TP /analyze- /errorReport:prompt LinkedList_AYA_Enhanced.cpp List.cpp
         List.cpp
         LinkedList_AYA_Enhanced.cpp
         Generating Code...
       ManifestResourceCompile:
         c:\Program Files (x86)\Microsoft SDKs\Windows\v7.0A\bin\rc.exe /nologo /fo"Debug\LinkedList_AYA_Enhanced.exe.embed.manifest.res" Debug\LinkedList_AYA_Enhanced_manifest.rc 
       Link:
         c:\Program Files (x86)\Microsoft Visual Studio 10.0\VC\bin\link.exe /ERRORREPORT:PROMPT /OUT:"C:\Users\Ahmed\Documents\Visual Studio 2010\Projects\LinkedList_AYA_Enhanced\Debug\LinkedList_AYA_Enhanced.exe" /INCREMENTAL /NOLOGO kernel32.lib user32.lib gdi32.lib winspool.lib comdlg32.lib advapi32.lib shell32.lib ole32.lib oleaut32.lib uuid.lib odbc32.lib odbccp32.lib /MANIFEST /ManifestFile:"Debug\LinkedList_AYA_Enhanced.exe.intermediate.manifest" /MANIFESTUAC:"level='asInvoker' uiAccess='false'" /DEBUG /PDB:"C:\Users\Ahmed\Documents\Visual Studio 2010\Projects\LinkedList_AYA_Enhanced\Debug\LinkedList_AYA_Enhanced.pdb" /SUBSYSTEM:CONSOLE /TLBID:1 /DYNAMICBASE /NXCOMPAT /IMPLIB:"C:\Users\Ahmed\Documents\Visual Studio 2010\Projects\LinkedList_AYA_Enhanced\Debug\LinkedList_AYA_Enhanced.lib" /MACHINE:X86 Debug\LinkedList_AYA_Enhanced.exe.embed.manifest.res
         Debug\LinkedList_AYA_Enhanced.obj
         Debug\List.obj
         Debug\stdafx.obj
       Manifest:
         c:\Program Files (x86)\Microsoft SDKs\Windows\v7.0A\bin\mt.exe /nologo /verbose /out:"Debug\LinkedList_AYA_Enhanced.exe.embed.manifest" /manifest Debug\LinkedList_AYA_Enhanced.exe.intermediate.manifest
         c:\Program Files (x86)\Microsoft SDKs\Windows\v7.0A\bin\rc.exe /nologo /fo"Debug\LinkedList_AYA_Enhanced.exe.embed.manifest.res" Debug\LinkedList_AYA_Enhanced_manifest.rc 
       LinkEmbedManifest:
         c:\Program Files (x86)\Microsoft Visual Studio 10.0\VC\bin\link.exe /ERRORREPORT:PROMPT /OUT:"C:\Users\Ahmed\Documents\Visual Studio 2010\Projects\LinkedList_AYA_Enhanced\Debug\LinkedList_AYA_Enhanced.exe" /INCREMENTAL /NOLOGO kernel32.lib user32.lib gdi32.lib winspool.lib comdlg32.lib advapi32.lib shell32.lib ole32.lib oleaut32.lib uuid.lib odbc32.lib odbccp32.lib /MANIFEST /ManifestFile:"Debug\LinkedList_AYA_Enhanced.exe.intermediate.manifest" /MANIFESTUAC:"level='asInvoker' uiAccess='false'" /DEBUG /PDB:"C:\Users\Ahmed\Documents\Visual Studio 2010\Projects\LinkedList_AYA_Enhanced\Debug\LinkedList_AYA_Enhanced.pdb" /SUBSYSTEM:CONSOLE /TLBID:1 /DYNAMICBASE /NXCOMPAT /IMPLIB:"C:\Users\Ahmed\Documents\Visual Studio 2010\Projects\LinkedList_AYA_Enhanced\Debug\LinkedList_AYA_Enhanced.lib" /MACHINE:X86 Debug\LinkedList_AYA_Enhanced.exe.embed.manifest.res
         Debug\LinkedList_AYA_Enhanced.obj
         Debug\List.obj
         Debug\stdafx.obj
         LinkedList_AYA_Enhanced.vcxproj -> C:\Users\Ahmed\Documents\Visual Studio 2010\Projects\LinkedList_AYA_Enhanced\Debug\LinkedList_AYA_Enhanced.exe
       FinalizeBuildStatus:
         Deleting file "Debug\LinkedList_AYA_Enhanced.unsuccessfulbuild".
         Touching "Debug\LinkedList_AYA_Enhanced.lastbuildstate".
     1>Done Building Project "C:\Users\Ahmed\Documents\Visual Studio 2010\Projects\LinkedList_AYA_Enhanced\LinkedList_AYA_Enhanced\LinkedList_AYA_Enhanced.vcxproj" (build target(s)).

Build succeeded.

Time Elapsed 00:00:07.65
