Build started 30/10/2016 12:14:22 م.
     1>Project "c:\Users\Ahmed\documents\visual studio 2010\Projects\Stack_AYA_Array\Stack_AYA_Array\Stack_AYA_Array.vcxproj" on node 2 (build target(s)).
     1>InitializeBuildStatus:
         Touching "Debug\Stack_AYA_Array.unsuccessfulbuild".
       ClCompile:
         All outputs are up-to-date.
         c:\Program Files (x86)\Microsoft Visual Studio 10.0\VC\bin\CL.exe /c /ZI /nologo /W3 /WX- /Od /Oy- /D WIN32 /D _DEBUG /D _CONSOLE /D _UNICODE /D UNICODE /Gm /EHsc /RTC1 /MDd /GS /fp:precise /Zc:wchar_t /Zc:forScope /Yu"StdAfx.h" /Fp"Debug\Stack_AYA_Array.pch" /Fo"Debug\\" /Fd"Debug\vc100.pdb" /Gd /TP /analyze- /errorReport:prompt Stack.cpp Stack_AYA_Array.cpp
         Stack_AYA_Array.cpp
         Stack.cpp
         Generating Code...
       ManifestResourceCompile:
         c:\Program Files (x86)\Microsoft SDKs\Windows\v7.0A\bin\rc.exe /nologo /fo"Debug\Stack_AYA_Array.exe.embed.manifest.res" Debug\Stack_AYA_Array_manifest.rc 
       Link:
         c:\Program Files (x86)\Microsoft Visual Studio 10.0\VC\bin\link.exe /ERRORREPORT:PROMPT /OUT:"c:\users\ahmed\documents\visual studio 2010\Projects\Stack_AYA_Array\Debug\Stack_AYA_Array.exe" /INCREMENTAL /NOLOGO kernel32.lib user32.lib gdi32.lib winspool.lib comdlg32.lib advapi32.lib shell32.lib ole32.lib oleaut32.lib uuid.lib odbc32.lib odbccp32.lib /MANIFEST /ManifestFile:"Debug\Stack_AYA_Array.exe.intermediate.manifest" /MANIFESTUAC:"level='asInvoker' uiAccess='false'" /DEBUG /PDB:"c:\users\ahmed\documents\visual studio 2010\Projects\Stack_AYA_Array\Debug\Stack_AYA_Array.pdb" /SUBSYSTEM:CONSOLE /TLBID:1 /DYNAMICBASE /NXCOMPAT /IMPLIB:"c:\users\ahmed\documents\visual studio 2010\Projects\Stack_AYA_Array\Debug\Stack_AYA_Array.lib" /MACHINE:X86 Debug\Stack_AYA_Array.exe.embed.manifest.res
         Debug\Stack.obj
         Debug\Stack_AYA_Array.obj
         Debug\stdafx.obj
       Manifest:
         c:\Program Files (x86)\Microsoft SDKs\Windows\v7.0A\bin\mt.exe /nologo /verbose /out:"Debug\Stack_AYA_Array.exe.embed.manifest" /manifest Debug\Stack_AYA_Array.exe.intermediate.manifest
         c:\Program Files (x86)\Microsoft SDKs\Windows\v7.0A\bin\rc.exe /nologo /fo"Debug\Stack_AYA_Array.exe.embed.manifest.res" Debug\Stack_AYA_Array_manifest.rc 
       LinkEmbedManifest:
         c:\Program Files (x86)\Microsoft Visual Studio 10.0\VC\bin\link.exe /ERRORREPORT:PROMPT /OUT:"c:\users\ahmed\documents\visual studio 2010\Projects\Stack_AYA_Array\Debug\Stack_AYA_Array.exe" /INCREMENTAL /NOLOGO kernel32.lib user32.lib gdi32.lib winspool.lib comdlg32.lib advapi32.lib shell32.lib ole32.lib oleaut32.lib uuid.lib odbc32.lib odbccp32.lib /MANIFEST /ManifestFile:"Debug\Stack_AYA_Array.exe.intermediate.manifest" /MANIFESTUAC:"level='asInvoker' uiAccess='false'" /DEBUG /PDB:"c:\users\ahmed\documents\visual studio 2010\Projects\Stack_AYA_Array\Debug\Stack_AYA_Array.pdb" /SUBSYSTEM:CONSOLE /TLBID:1 /DYNAMICBASE /NXCOMPAT /IMPLIB:"c:\users\ahmed\documents\visual studio 2010\Projects\Stack_AYA_Array\Debug\Stack_AYA_Array.lib" /MACHINE:X86 Debug\Stack_AYA_Array.exe.embed.manifest.res
         Debug\Stack.obj
         Debug\Stack_AYA_Array.obj
         Debug\stdafx.obj
         Stack_AYA_Array.vcxproj -> c:\users\ahmed\documents\visual studio 2010\Projects\Stack_AYA_Array\Debug\Stack_AYA_Array.exe
       FinalizeBuildStatus:
         Deleting file "Debug\Stack_AYA_Array.unsuccessfulbuild".
         Touching "Debug\Stack_AYA_Array.lastbuildstate".
     1>Done Building Project "c:\Users\Ahmed\documents\visual studio 2010\Projects\Stack_AYA_Array\Stack_AYA_Array\Stack_AYA_Array.vcxproj" (build target(s)).

Build succeeded.

Time Elapsed 00:00:02.29
