Build started 26/12/2016 01:46:22 م.
     1>Project "C:\Users\Ahmed\Desktop\Instractor\Data Structure 2016\Syllabus 2016\03-Source Code\Un_Encasulate\00-Pointers_Sec_2\Pointers_Sec_2\Pointers_Sec_2.vcxproj" on node 2 (build target(s)).
     1>InitializeBuildStatus:
         Creating "Debug\Pointers_Sec_2.unsuccessfulbuild" because "AlwaysCreate" was specified.
       ClCompile:
         All outputs are up-to-date.
         c:\Program Files (x86)\Microsoft Visual Studio 10.0\VC\bin\CL.exe /c /ZI /nologo /W3 /WX- /Od /Oy- /D WIN32 /D _DEBUG /D _CONSOLE /D _UNICODE /D UNICODE /Gm /EHsc /RTC1 /MDd /GS /fp:precise /Zc:wchar_t /Zc:forScope /Yu"StdAfx.h" /Fp"Debug\Pointers_Sec_2.pch" /Fo"Debug\\" /Fd"Debug\vc100.pdb" /Gd /TP /analyze- /errorReport:prompt Pointers_Sec_2.cpp
         Pointers_Sec_2.cpp
       ManifestResourceCompile:
         All outputs are up-to-date.
       Link:
         c:\Program Files (x86)\Microsoft Visual Studio 10.0\VC\bin\link.exe /ERRORREPORT:PROMPT /OUT:"C:\Users\Ahmed\Desktop\Instractor\Data Structure 2016\Syllabus 2016\03-Source Code\Un_Encasulate\00-Pointers_Sec_2\Debug\Pointers_Sec_2.exe" /INCREMENTAL /NOLOGO kernel32.lib user32.lib gdi32.lib winspool.lib comdlg32.lib advapi32.lib shell32.lib ole32.lib oleaut32.lib uuid.lib odbc32.lib odbccp32.lib /MANIFEST /ManifestFile:"Debug\Pointers_Sec_2.exe.intermediate.manifest" /MANIFESTUAC:"level='asInvoker' uiAccess='false'" /DEBUG /PDB:"C:\Users\Ahmed\Desktop\Instractor\Data Structure 2016\Syllabus 2016\03-Source Code\Un_Encasulate\00-Pointers_Sec_2\Debug\Pointers_Sec_2.pdb" /SUBSYSTEM:CONSOLE /TLBID:1 /DYNAMICBASE /NXCOMPAT /IMPLIB:"C:\Users\Ahmed\Desktop\Instractor\Data Structure 2016\Syllabus 2016\03-Source Code\Un_Encasulate\00-Pointers_Sec_2\Debug\Pointers_Sec_2.lib" /MACHINE:X86 Debug\Pointers_Sec_2.exe.embed.manifest.res
         Debug\Pointers_Sec_2.obj
         Debug\stdafx.obj
       Manifest:
         c:\Program Files (x86)\Microsoft SDKs\Windows\v7.0A\bin\mt.exe /nologo /verbose /out:"Debug\Pointers_Sec_2.exe.embed.manifest" /manifest Debug\Pointers_Sec_2.exe.intermediate.manifest
         All outputs are up-to-date.
       LinkEmbedManifest:
         All outputs are up-to-date.
         Pointers_Sec_2.vcxproj -> C:\Users\Ahmed\Desktop\Instractor\Data Structure 2016\Syllabus 2016\03-Source Code\Un_Encasulate\00-Pointers_Sec_2\Debug\Pointers_Sec_2.exe
       FinalizeBuildStatus:
         Deleting file "Debug\Pointers_Sec_2.unsuccessfulbuild".
         Touching "Debug\Pointers_Sec_2.lastbuildstate".
     1>Done Building Project "C:\Users\Ahmed\Desktop\Instractor\Data Structure 2016\Syllabus 2016\03-Source Code\Un_Encasulate\00-Pointers_Sec_2\Pointers_Sec_2\Pointers_Sec_2.vcxproj" (build target(s)).

Build succeeded.

Time Elapsed 00:00:00.75
